TN:
SF:calculator.js
FN:2,(anonymous_0)
FN:6,(anonymous_1)
FN:10,(anonymous_2)
FN:14,(anonymous_3)
FNF:4
FNH:4
FNDA:3,(anonymous_0)
FNDA:3,(anonymous_1)
FNDA:3,(anonymous_2)
FNDA:3,(anonymous_3)
DA:3,3
DA:7,3
DA:11,3
DA:15,3
DA:16,0
DA:18,3
DA:22,1
LF:7
LH:6
BRDA:15,0,0,0
BRDA:15,0,1,3
BRDA:15,1,0,3
BRDA:15,1,1,3
BRDA:15,1,2,0
BRF:5
BRH:3
end_of_record
TN:
SF:cloneArray.js
FN:1,cloneArray
FNF:1
FNH:1
FNDA:2,cloneArray
DA:2,2
DA:5,1
LF:2
LH:2
BRF:0
BRH:0
end_of_record
TN:
SF:countCharacters.js
FN:1,stringLength
FNF:1
FNH:1
FNDA:2,stringLength
DA:2,2
DA:4,1
LF:2
LH:2
BRF:0
BRH:0
end_of_record
TN:
SF:reversestring.js
FN:1,reverseString
FNF:1
FNH:1
FNDA:2,reverseString
DA:2,2
DA:5,1
LF:2
LH:2
BRF:0
BRH:0
end_of_record
TN:
SF:subtract.js
FN:1,subtract
FNF:1
FNH:1
FNDA:1,subtract
DA:2,1
DA:5,1
LF:2
LH:2
BRF:0
BRH:0
end_of_record
TN:
SF:sum.js
FN:1,sum
FN:5,helper
FNF:2
FNH:1
FNDA:1,sum
FNDA:0,helper
DA:2,1
DA:6,0
DA:8,1
LF:3
LH:2
BRF:0
BRH:0
end_of_record
